#
# There is insufficient memory for the Java Runtime Environment to continue.
# Native memory allocation (malloc) failed to allocate 32744 bytes for ChunkPool::allocate
# Possible reasons:
#   The system is out of physical RAM or swap space
#   The process is running with CompressedOops enabled, and the Java Heap may be blocking the growth of the native heap
# Possible solutions:
#   Reduce memory load on the system
#   Increase physical memory or swap space
#   Check if swap backing store is full
#   Decrease Java heap size (-Xmx/-Xms)
#   Decrease number of Java threads
#   Decrease Java thread stack sizes (-Xss)
#   Set larger code cache with -XX:ReservedCodeCacheSize=
#   JVM is running with Zero Based Compressed Oops mode in which the Java heap is
#     placed in the first 32GB address space. The Java Heap base address is the
#     maximum limit for the native heap growth. Please use -XX:HeapBaseMinAddress
#     to set the Java Heap base and to place the Java Heap above 32GB virtual address.
# This output file may be truncated or incomplete.
#
#  Out of Memory Error (arena.cpp:79), pid=33352, tid=16756
#
# JRE version: OpenJDK Runtime Environment JBR-17.0.10+1-1087.17-jcef (17.0.10+1) (build 17.0.10+1-b1087.17)
# Java VM: OpenJDK 64-Bit Server VM JBR-17.0.10+1-1087.17-jcef (17.0.10+1-b1087.17, mixed mode, tiered, compressed oops, compressed class ptrs, g1 gc, windows-amd64)
# No core dump will be written. Minidumps are not enabled by default on client versions of Windows
#

---------------  S U M M A R Y ------------

Command Line: git4idea.http.GitAskPassApp Username for 'https://github.com': 

Host: 11th Gen Intel(R) Core(TM) i5-1135G7 @ 2.40GHz, 8 cores, 15G,  Windows 11 , 64 bit Build 22621 (10.0.22621.3374)
Time: Sun Apr 21 22:23:58 2024  Windows 11 , 64 bit Build 22621 (10.0.22621.3374) elapsed time: 0.475711 seconds (0d 0h 0m 0s)

---------------  T H R E A D  ---------------

Current thread (0x0000022f1c932a60):  JavaThread "HttpClient-1-Worker-0" daemon [_thread_in_vm, id=16756, stack(0x000000bf4ca00000,0x000000bf4cb00000)]

Stack: [0x000000bf4ca00000,0x000000bf4cb00000]
Native frames: (J=compiled Java code, j=interpreted, Vv=VM code, C=native code)
V  [jvm.dll+0x688ac9]
V  [jvm.dll+0x84220a]
V  [jvm.dll+0x843e4e]
V  [jvm.dll+0x8444b3]
V  [jvm.dll+0x24ba8f]
V  [jvm.dll+0xac721]
V  [jvm.dll+0xacb6c]
V  [jvm.dll+0x6e010d]
V  [jvm.dll+0x6e0ccf]
V  [jvm.dll+0x378a70]
V  [jvm.dll+0x377a94]
V  [jvm.dll+0x377a38]
V  [jvm.dll+0x387b2a]
C  0x0000022f0ac0b6ee

The last pc belongs to new (printed below).
Java frames: (J=compiled Java code, j=interpreted, Vv=VM code)
j  sun.security.ssl.CertSignAlgsExtension.<clinit>()V+40 java.base@17.0.10
v  ~StubRoutines::call_stub
j  sun.security.ssl.SSLExtension.<clinit>()V+1779 java.base@17.0.10
v  ~StubRoutines::call_stub
j  sun.security.ssl.SSLConfiguration.getEnabledExtensions(Lsun/security/ssl/SSLHandshake;Ljava/util/List;)[Lsun/security/ssl/SSLExtension;+8 java.base@17.0.10
j  sun.security.ssl.ClientHello$ClientHelloKickstartProducer.produce(Lsun/security/ssl/ConnectionContext;)[B+949 java.base@17.0.10
j  sun.security.ssl.SSLHandshake.kickstart(Lsun/security/ssl/HandshakeContext;)V+47 java.base@17.0.10
j  sun.security.ssl.ClientHandshakeContext.kickstart()V+9 java.base@17.0.10
j  sun.security.ssl.TransportContext.kickstart()V+234 java.base@17.0.10
j  sun.security.ssl.SSLEngineImpl.writeRecord([Ljava/nio/ByteBuffer;II[Ljava/nio/ByteBuffer;II)Ljavax/net/ssl/SSLEngineResult;+117 java.base@17.0.10
j  sun.security.ssl.SSLEngineImpl.wrap([Ljava/nio/ByteBuffer;II[Ljava/nio/ByteBuffer;II)Ljavax/net/ssl/SSLEngineResult;+53 java.base@17.0.10
j  sun.security.ssl.SSLEngineImpl.wrap([Ljava/nio/ByteBuffer;IILjava/nio/ByteBuffer;)Ljavax/net/ssl/SSLEngineResult;+15 java.base@17.0.10
j  javax.net.ssl.SSLEngine.wrap([Ljava/nio/ByteBuffer;Ljava/nio/ByteBuffer;)Ljavax/net/ssl/SSLEngineResult;+20 java.base@17.0.10
j  jdk.internal.net.http.common.SSLFlowDelegate$Writer.wrapBuffers([Ljava/nio/ByteBuffer;)Ljdk/internal/net/http/common/SSLFlowDelegate$EngineResult;+131 java.net.http@17.0.10
j  jdk.internal.net.http.common.SSLFlowDelegate$Writer.processData()V+90 java.net.http@17.0.10
j  jdk.internal.net.http.common.SSLFlowDelegate$Writer$WriterDownstreamPusher.run()V+4 java.net.http@17.0.10
j  jdk.internal.net.http.common.SequentialScheduler$CompleteRestartableTask.run(Ljdk/internal/net/http/common/SequentialScheduler$DeferredCompleter;)V+1 java.net.http@17.0.10
j  jdk.internal.net.http.common.SequentialScheduler$SchedulableTask.run()V+14 java.net.http@17.0.10
j  jdk.internal.net.http.common.SequentialScheduler.runOrSchedule(Ljdk/internal/net/http/common/SequentialScheduler$SchedulableTask;Ljava/util/concurrent/Executor;)V+86 java.net.http@17.0.10
j  jdk.internal.net.http.common.SequentialScheduler.runOrSchedule()V+6 java.net.http@17.0.10
j  jdk.internal.net.http.common.SSLFlowDelegate$Writer.incoming(Ljava/util/List;Z)V+155 java.net.http@17.0.10
j  jdk.internal.net.http.common.SubscriberWrapper.incomingCaller(Ljava/util/List;Z)V+3 java.net.http@17.0.10
j  jdk.internal.net.http.common.SubscriberWrapper.addData(Ljava/nio/ByteBuffer;)V+24 java.net.http@17.0.10
j  jdk.internal.net.http.common.SSLFlowDelegate$Writer.onSubscribe()V+27 java.net.http@17.0.10
j  jdk.internal.net.http.common.SubscriberWrapper.onSubscribe(Ljava/util/concurrent/Flow$Subscription;)V+78 java.net.http@17.0.10
j  jdk.internal.net.http.common.SSLTube$SSLTubeFlowDelegate.connect(Ljava/util/concurrent/Flow$Subscriber;Ljava/util/concurrent/Flow$Subscriber;)V+95 java.net.http@17.0.10
j  jdk.internal.net.http.common.SSLFlowDelegate.<init>(Ljavax/net/ssl/SSLEngine;Ljava/util/concurrent/Executor;Ljava/util/function/Consumer;Ljava/util/concurrent/Flow$Subscriber;Ljava/util/concurrent/Flow$Subscriber;)V+243 java.net.http@17.0.10
j  jdk.internal.net.http.common.SSLTube$SSLTubeFlowDelegate.<init>(Ljdk/internal/net/http/common/SSLTube;Ljavax/net/ssl/SSLEngine;Ljava/util/concurrent/Executor;Ljava/util/function/Consumer;Ljdk/internal/net/http/common/SSLTube$SSLSubscriberWrapper;Ljdk/internal/net/http/common/FlowTube;)V+14 java.net.http@17.0.10
j  jdk.internal.net.http.common.SSLTube.<init>(Ljavax/net/ssl/SSLEngine;Ljava/util/concurrent/Executor;Ljava/util/function/Consumer;Ljdk/internal/net/http/common/FlowTube;)V+97 java.net.http@17.0.10
j  jdk.internal.net.http.AsyncSSLConnection.lambda$connectAsync$0(Ljava/lang/Void;)Ljava/lang/Void;+40 java.net.http@17.0.10
j  jdk.internal.net.http.AsyncSSLConnection$$Lambda$103+0x0000000800122528.apply(Ljava/lang/Object;)Ljava/lang/Object;+8 java.net.http@17.0.10
j  java.util.concurrent.CompletableFuture$UniApply.tryFire(I)Ljava/util/concurrent/CompletableFuture;+106 java.base@17.0.10
j  java.util.concurrent.CompletableFuture.postComplete()V+76 java.base@17.0.10
j  java.util.concurrent.CompletableFuture$AsyncSupply.run()V+57 java.base@17.0.10
j  java.util.concurrent.ThreadPoolExecutor.runWorker(Ljava/util/concurrent/ThreadPoolExecutor$Worker;)V+92 java.base@17.0.10
j  java.util.concurrent.ThreadPoolExecutor$Worker.run()V+5 java.base@17.0.10
j  java.lang.Thread.run()V+11 java.base@17.0.10
v  ~StubRoutines::call_stub
new  187 new  [0x0000022f0ac0b560, 0x0000022f0ac0b780]  544 bytes
[MachCode]
  0x0000022f0ac0b560: 4883 ec08 | c5fa 1104 | 24eb 1f48 | 83ec 10c5 | fb11 0424 | eb14 4883 | ec10 4889 | 0424 48c7 
  0x0000022f0ac0b580: 4424 0800 | 0000 00eb | 0150 410f | b755 010f | cac1 ea10 | 488b 4de8 | 488b 4908 | 488b 4908 
  0x0000022f0ac0b5a0: 488b 4108 | 807c 1004 | 070f 85df | 0000 0066 | 8b54 d148 | 488b 4928 | 488b 4cd1 | 0851 80b9 
  0x0000022f0ac0b5c0: 5b01 0000 | 040f 85c2 | 0000 008b | 5108 f7c2 | 0100 0000 | 0f85 b300 | 0000 498b | 8708 0100 
  0x0000022f0ac0b5e0: 0048 8d1c | 1049 3b9f | 1801 0000 | 0f87 9b00 | 0000 4989 | 9f08 0100 | 00e9 0000 | 0000 4883 
  0x0000022f0ac0b600: ea10 0f84 | 0f00 0000 | 33c9 c1ea | 0348 894c | d008 48ff | ca75 f648 | c700 0100 | 0000 5933 
  0x0000022f0ac0b620: f689 700c | 49ba 0000 | 0000 0800 | 0000 492b | ca89 4808 | 49ba 8939 | c297 fa7f | 0000 4180 
  0x0000022f0ac0b640: 3a00 0f84 | 4000 0000 | 5048 8bc8 | 4883 ec20 | f7c4 0f00 | 0000 0f84 | 1a00 0000 | 4883 ec08 
  0x0000022f0ac0b660: 49ba 90f1 | 7797 fa7f | 0000 41ff | d248 83c4 | 08e9 0d00 | 0000 49ba | 90f1 7797 | fa7f 0000 
  0x0000022f0ac0b680: 41ff d248 | 83c4 2058 | e9cd 0000 | 0059 488b | 55e8 488b | 5208 488b | 5208 450f | b745 0141 
  0x0000022f0ac0b6a0: 0fc8 41c1 | e810 e805 | 0000 00e9 | aa00 0000 | 488d 4424 | 084c 896d | c049 8bcf | c5f8 7749 
  0x0000022f0ac0b6c0: 89af a802 | 0000 4989 | 8798 0200 | 0048 83ec | 20f7 c40f | 0000 000f | 841a 0000 | 0048 83ec 
  0x0000022f0ac0b6e0: 0849 baa0 | 7a41 97fa | 7f00 0041 | ffd2 4883 | c408 e90d | 0000 0049 | baa0 7a41 | 97fa 7f00 
  0x0000022f0ac0b700: 0041 ffd2 | 4883 c420 | 49c7 8798 | 0200 0000 | 0000 0049 | c787 a802 | 0000 0000 | 0000 49c7 
  0x0000022f0ac0b720: 87a0 0200 | 0000 0000 | 00c5 f877 | 4981 7f08 | 0000 0000 | 0f84 0500 | 0000 e9c1 | 57fe ff49 
  0x0000022f0ac0b740: 8b87 f002 | 0000 49c7 | 87f0 0200 | 0000 0000 | 004c 8b6d | c04c 8b75 | c8c3 410f | b65d 0349 
  0x0000022f0ac0b760: 83c5 0349 | ba80 a6c4 | 97fa 7f00 | 0041 ff24 | da0f 1f80 | 0000 0000 | 0000 0000 | 0000 0000 
[/MachCode]

---------------  P R O C E S S  ---------------

Threads class SMR info:
_java_thread_list=0x0000022f1c945fa0, length=15, elements={
0x0000022f7cf0d350, 0x0000022f7f31a2f0, 0x0000022f7f31aeb0, 0x0000022f7f6489e0,
0x0000022f7f6495a0, 0x0000022f7f649f60, 0x0000022f7f64a920, 0x0000022f7f640e60,
0x0000022f7f642540, 0x0000022f7f642f40, 0x0000022f7f7cb930, 0x0000022f7f7d14e0,
0x0000022f1c8bfeb0, 0x0000022f1c932a60, 0x0000022f1c92b4e0
}

Java Threads: ( => current thread )
  0x0000022f7cf0d350 JavaThread "main" [_thread_blocked, id=32388, stack(0x000000bf4b500000,0x000000bf4b600000)]
  0x0000022f7f31a2f0 JavaThread "Reference Handler" daemon [_thread_blocked, id=20852, stack(0x000000bf4bc00000,0x000000bf4bd00000)]
  0x0000022f7f31aeb0 JavaThread "Finalizer" daemon [_thread_blocked, id=4928, stack(0x000000bf4bd00000,0x000000bf4be00000)]
  0x0000022f7f6489e0 JavaThread "Signal Dispatcher" daemon [_thread_blocked, id=31672, stack(0x000000bf4be00000,0x000000bf4bf00000)]
  0x0000022f7f6495a0 JavaThread "Attach Listener" daemon [_thread_blocked, id=27212, stack(0x000000bf4bf00000,0x000000bf4c000000)]
  0x0000022f7f649f60 JavaThread "Service Thread" daemon [_thread_blocked, id=15440, stack(0x000000bf4c000000,0x000000bf4c100000)]
  0x0000022f7f64a920 JavaThread "Monitor Deflation Thread" daemon [_thread_blocked, id=16652, stack(0x000000bf4c100000,0x000000bf4c200000)]
  0x0000022f7f640e60 JavaThread "C2 CompilerThread0" daemon [_thread_blocked, id=27468, stack(0x000000bf4c200000,0x000000bf4c300000)]
  0x0000022f7f642540 JavaThread "C1 CompilerThread0" daemon [_thread_blocked, id=30440, stack(0x000000bf4c300000,0x000000bf4c400000)]
  0x0000022f7f642f40 JavaThread "Sweeper thread" daemon [_thread_blocked, id=18808, stack(0x000000bf4c400000,0x000000bf4c500000)]
  0x0000022f7f7cb930 JavaThread "Notification Thread" daemon [_thread_blocked, id=24164, stack(0x000000bf4c500000,0x000000bf4c600000)]
  0x0000022f7f7d14e0 JavaThread "Common-Cleaner" daemon [_thread_blocked, id=34744, stack(0x000000bf4c700000,0x000000bf4c800000)]
  0x0000022f1c8bfeb0 JavaThread "HttpClient-1-SelectorManager" daemon [_thread_in_native, id=15516, stack(0x000000bf4c800000,0x000000bf4c900000)]
=>0x0000022f1c932a60 JavaThread "HttpClient-1-Worker-0" daemon [_thread_in_vm, id=16756, stack(0x000000bf4ca00000,0x000000bf4cb00000)]
  0x0000022f1c92b4e0 JavaThread "HttpClient-1-Worker-1" daemon [_thread_blocked, id=34144, stack(0x000000bf4cb00000,0x000000bf4cc00000)]

Other Threads:
  0x0000022f7f313720 VMThread "VM Thread" [stack: 0x000000bf4bb00000,0x000000bf4bc00000] [id=24032]
  0x0000022f7f7cc220 WatcherThread [stack: 0x000000bf4c600000,0x000000bf4c700000] [id=26620]
  0x0000022f7cf79ce0 GCTaskThread "GC Thread#0" [stack: 0x000000bf4b600000,0x000000bf4b700000] [id=33208]
  0x0000022f7cf8a880 ConcurrentGCThread "G1 Main Marker" [stack: 0x000000bf4b700000,0x000000bf4b800000] [id=16532]
  0x0000022f7cf8b2a0 ConcurrentGCThread "G1 Conc#0" [stack: 0x000000bf4b800000,0x000000bf4b900000] [id=27040]
  0x0000022f7cfbe470 ConcurrentGCThread "G1 Refine#0" [stack: 0x000000bf4b900000,0x000000bf4ba00000] [id=6924]
  0x0000022f7f20e000 ConcurrentGCThread "G1 Service" [stack: 0x000000bf4ba00000,0x000000bf4bb00000] [id=11820]

Threads with active compile tasks:

VM state: not at safepoint (normal execution)

VM Mutex/Monitor currently owned by a thread: None

Heap address: 0x0000000703a00000, size: 4038 MB, Compressed Oops mode: Zero based, Oop shift amount: 3

CDS archive(s) not mapped
Compressed class space mapped at: 0x0000000800000000-0x0000000840000000, reserved size: 1073741824
Narrow klass base: 0x0000000800000000, Narrow klass shift: 0, Narrow klass range: 0x40000000

GC Precious Log:
 CPUs: 8 total, 8 available
 Memory: 16151M
 Large Page Support: Disabled
 NUMA Support: Disabled
 Compressed Oops: Enabled (Zero based)
 Heap Region Size: 2M
 Heap Min Capacity: 8M
 Heap Initial Capacity: 254M
 Heap Max Capacity: 4038M
 Pre-touch: Disabled
 Parallel Workers: 8
 Concurrent Workers: 2
 Concurrent Refinement Workers: 8
 Periodic GC: Disabled

Heap:
 garbage-first heap   total 260096K, used 10240K [0x0000000703a00000, 0x0000000800000000)
  region size 2048K, 6 young (12288K), 0 survivors (0K)
 Metaspace       used 14637K, committed 14848K, reserved 1114112K
  class space    used 1511K, committed 1600K, reserved 1048576K

Heap Regions: E=young(eden), S=young(survivor), O=old, HS=humongous(starts), HC=humongous(continues), CS=collection set, F=free, OA=open archive, CA=closed archive, TAMS=top-at-mark-start (previous, next)
|   0|0x0000000703a00000, 0x0000000703a00000, 0x0000000703c00000|  0%| F|  |TAMS 0x0000000703a00000, 0x0000000703a00000| Untracked 
|   1|0x0000000703c00000, 0x0000000703c00000, 0x0000000703e00000|  0%| F|  |TAMS 0x0000000703c00000, 0x0000000703c00000| Untracked 
|   2|0x0000000703e00000, 0x0000000703e00000, 0x0000000704000000|  0%| F|  |TAMS 0x0000000703e00000, 0x0000000703e00000| Untracked 
|   3|0x0000000704000000, 0x0000000704000000, 0x0000000704200000|  0%| F|  |TAMS 0x0000000704000000, 0x0000000704000000| Untracked 
|   4|0x0000000704200000, 0x0000000704200000, 0x0000000704400000|  0%| F|  |TAMS 0x0000000704200000, 0x0000000704200000| Untracked 
|   5|0x0000000704400000, 0x0000000704400000, 0x0000000704600000|  0%| F|  |TAMS 0x0000000704400000, 0x0000000704400000| Untracked 
|   6|0x0000000704600000, 0x0000000704600000, 0x0000000704800000|  0%| F|  |TAMS 0x0000000704600000, 0x0000000704600000| Untracked 
|   7|0x0000000704800000, 0x0000000704800000, 0x0000000704a00000|  0%| F|  |TAMS 0x0000000704800000, 0x0000000704800000| Untracked 
|   8|0x0000000704a00000, 0x0000000704a00000, 0x0000000704c00000|  0%| F|  |TAMS 0x0000000704a00000, 0x0000000704a00000| Untracked 
|   9|0x0000000704c00000, 0x0000000704c00000, 0x0000000704e00000|  0%| F|  |TAMS 0x0000000704c00000, 0x0000000704c00000| Untracked 
|  10|0x0000000704e00000, 0x0000000704e00000, 0x0000000705000000|  0%| F|  |TAMS 0x0000000704e00000, 0x0000000704e00000| Untracked 
|  11|0x0000000705000000, 0x0000000705000000, 0x0000000705200000|  0%| F|  |TAMS 0x0000000705000000, 0x0000000705000000| Untracked 
|  12|0x0000000705200000, 0x0000000705200000, 0x0000000705400000|  0%| F|  |TAMS 0x0000000705200000, 0x0000000705200000| Untracked 
|  13|0x0000000705400000, 0x0000000705400000, 0x0000000705600000|  0%| F|  |TAMS 0x0000000705400000, 0x0000000705400000| Untracked 
|  14|0x0000000705600000, 0x0000000705600000, 0x0000000705800000|  0%| F|  |TAMS 0x0000000705600000, 0x0000000705600000| Untracked 
|  15|0x0000000705800000, 0x0000000705800000, 0x0000000705a00000|  0%| F|  |TAMS 0x0000000705800000, 0x0000000705800000| Untracked 
|  16|0x0000000705a00000, 0x0000000705a00000, 0x0000000705c00000|  0%| F|  |TAMS 0x0000000705a00000, 0x0000000705a00000| Untracked 
|  17|0x0000000705c00000, 0x0000000705c00000, 0x0000000705e00000|  0%| F|  |TAMS 0x0000000705c00000, 0x0000000705c00000| Untracked 
|  18|0x0000000705e00000, 0x0000000705e00000, 0x0000000706000000|  0%| F|  |TAMS 0x0000000705e00000, 0x0000000705e00000| Untracked 
|  19|0x0000000706000000, 0x0000000706000000, 0x0000000706200000|  0%| F|  |TAMS 0x0000000706000000, 0x0000000706000000| Untracked 
|  20|0x0000000706200000, 0x0000000706200000, 0x0000000706400000|  0%| F|  |TAMS 0x0000000706200000, 0x0000000706200000| Untracked 
|  21|0x0000000706400000, 0x0000000706400000, 0x0000000706600000|  0%| F|  |TAMS 0x0000000706400000, 0x0000000706400000| Untracked 
|  22|0x0000000706600000, 0x0000000706600000, 0x0000000706800000|  0%| F|  |TAMS 0x0000000706600000, 0x0000000706600000| Untracked 
|  23|0x0000000706800000, 0x0000000706800000, 0x0000000706a00000|  0%| F|  |TAMS 0x0000000706800000, 0x0000000706800000| Untracked 
|  24|0x0000000706a00000, 0x0000000706a00000, 0x0000000706c00000|  0%| F|  |TAMS 0x0000000706a00000, 0x0000000706a00000| Untracked 
|  25|0x0000000706c00000, 0x0000000706c00000, 0x0000000706e00000|  0%| F|  |TAMS 0x0000000706c00000, 0x0000000706c00000| Untracked 
|  26|0x0000000706e00000, 0x0000000706e00000, 0x0000000707000000|  0%| F|  |TAMS 0x0000000706e00000, 0x0000000706e00000| Untracked 
|  27|0x0000000707000000, 0x0000000707000000, 0x0000000707200000|  0%| F|  |TAMS 0x0000000707000000, 0x0000000707000000| Untracked 
|  28|0x0000000707200000, 0x0000000707200000, 0x0000000707400000|  0%| F|  |TAMS 0x0000000707200000, 0x0000000707200000| Untracked 
|  29|0x0000000707400000, 0x0000000707400000, 0x0000000707600000|  0%| F|  |TAMS 0x0000000707400000, 0x0000000707400000| Untracked 
|  30|0x0000000707600000, 0x0000000707600000, 0x0000000707800000|  0%| F|  |TAMS 0x0000000707600000, 0x0000000707600000| Untracked 
|  31|0x0000000707800000, 0x0000000707800000, 0x0000000707a00000|  0%| F|  |TAMS 0x0000000707800000, 0x0000000707800000| Untracked 
|  32|0x0000000707a00000, 0x0000000707a00000, 0x0000000707c00000|  0%| F|  |TAMS 0x0000000707a00000, 0x0000000707a00000| Untracked 
|  33|0x0000000707c00000, 0x0000000707c00000, 0x0000000707e00000|  0%| F|  |TAMS 0x0000000707c00000, 0x0000000707c00000| Untracked 
|  34|0x0000000707e00000, 0x0000000707e00000, 0x0000000708000000|  0%| F|  |TAMS 0x0000000707e00000, 0x0000000707e00000| Untracked 
|  35|0x0000000708000000, 0x0000000708000000, 0x0000000708200000|  0%| F|  |TAMS 0x0000000708000000, 0x0000000708000000| Untracked 
|  36|0x0000000708200000, 0x0000000708200000, 0x0000000708400000|  0%| F|  |TAMS 0x0000000708200000, 0x0000000708200000| Untracked 
|  37|0x0000000708400000, 0x0000000708400000, 0x0000000708600000|  0%| F|  |TAMS 0x0000000708400000, 0x0000000708400000| Untracked 
|  38|0x0000000708600000, 0x0000000708600000, 0x0000000708800000|  0%| F|  |TAMS 0x0000000708600000, 0x0000000708600000| Untracked 
|  39|0x0000000708800000, 0x0000000708800000, 0x0000000708a00000|  0%| F|  |TAMS 0x0000000708800000, 0x0000000708800000| Untracked 
|  40|0x0000000708a00000, 0x0000000708a00000, 0x0000000708c00000|  0%| F|  |TAMS 0x0000000708a00000, 0x0000000708a00000| Untracked 
|  41|0x0000000708c00000, 0x0000000708c00000, 0x0000000708e00000|  0%| F|  |TAMS 0x0000000708c00000, 0x0000000708c00000| Untracked 
|  42|0x0000000708e00000, 0x0000000708e00000, 0x0000000709000000|  0%| F|  |TAMS 0x0000000708e00000, 0x0000000708e00000| Untracked 
|  43|0x0000000709000000, 0x0000000709000000, 0x0000000709200000|  0%| F|  |TAMS 0x0000000709000000, 0x0000000709000000| Untracked 
|  44|0x0000000709200000, 0x0000000709200000, 0x0000000709400000|  0%| F|  |TAMS 0x0000000709200000, 0x0000000709200000| Untracked 
|  45|0x0000000709400000, 0x0000000709400000, 0x0000000709600000|  0%| F|  |TAMS 0x0000000709400000, 0x0000000709400000| Untracked 
|  46|0x0000000709600000, 0x0000000709600000, 0x0000000709800000|  0%| F|  |TAMS 0x0000000709600000, 0x0000000709600000| Untracked 
|  47|0x0000000709800000, 0x0000000709800000, 0x0000000709a00000|  0%| F|  |TAMS 0x0000000709800000, 0x0000000709800000| Untracked 
|  48|0x0000000709a00000, 0x0000000709a00000, 0x0000000709c00000|  0%| F|  |TAMS 0x0000000709a00000, 0x0000000709a00000| Untracked 
|  49|0x0000000709c00000, 0x0000000709c00000, 0x0000000709e00000|  0%| F|  |TAMS 0x0000000709c00000, 0x0000000709c00000| Untracked 
|  50|0x0000000709e00000, 0x0000000709e00000, 0x000000070a000000|  0%| F|  |TAMS 0x0000000709e00000, 0x0000000709e00000| Untracked 
|  51|0x000000070a000000, 0x000000070a000000, 0x000000070a200000|  0%| F|  |TAMS 0x000000070a000000, 0x000000070a000000| Untracked 
|  52|0x000000070a200000, 0x000000070a200000, 0x000000070a400000|  0%| F|  |TAMS 0x000000070a200000, 0x000000070a200000| Untracked 
|  53|0x000000070a400000, 0x000000070a400000, 0x000000070a600000|  0%| F|  |TAMS 0x000000070a400000, 0x000000070a400000| Untracked 
|  54|0x000000070a600000, 0x000000070a600000, 0x000000070a800000|  0%| F|  |TAMS 0x000000070a600000, 0x000000070a600000| Untracked 
|  55|0x000000070a800000, 0x000000070a800000, 0x000000070aa00000|  0%| F|  |TAMS 0x000000070a800000, 0x000000070a800000| Untracked 
|  56|0x000000070aa00000, 0x000000070aa00000, 0x000000070ac00000|  0%| F|  |TAMS 0x000000070aa00000, 0x000000070aa00000| Untracked 
|  57|0x000000070ac00000, 0x000000070ac00000, 0x000000070ae00000|  0%| F|  |TAMS 0x000000070ac00000, 0x000000070ac00000| Untracked 
|  58|0x000000070ae00000, 0x000000070ae00000, 0x000000070b000000|  0%| F|  |TAMS 0x000000070ae00000, 0x000000070ae00000| Untracked 
|  59|0x000000070b000000, 0x000000070b000000, 0x000000070b200000|  0%| F|  |TAMS 0x000000070b000000, 0x000000070b000000| Untracked 
|  60|0x000000070b200000, 0x000000070b200000, 0x000000070b400000|  0%| F|  |TAMS 0x000000070b200000, 0x000000070b200000| Untracked 
|  61|0x000000070b400000, 0x000000070b400000, 0x000000070b600000|  0%| F|  |TAMS 0x000000070b400000, 0x000000070b400000| Untracked 
|  62|0x000000070b600000, 0x000000070b600000, 0x000000070b800000|  0%| F|  |TAMS 0x000000070b600000, 0x000000070b600000| Untracked 
|  63|0x000000070b800000, 0x000000070b800000, 0x000000070ba00000|  0%| F|  |TAMS 0x000000070b800000, 0x000000070b800000| Untracked 
|  64|0x000000070ba00000, 0x000000070ba00000, 0x000000070bc00000|  0%| F|  |TAMS 0x000000070ba00000, 0x000000070ba00000| Untracked 
|  65|0x000000070bc00000, 0x000000070bc00000, 0x000000070be00000|  0%| F|  |TAMS 0x000000070bc00000, 0x000000070bc00000| Untracked 
|  66|0x000000070be00000, 0x000000070be00000, 0x000000070c000000|  0%| F|  |TAMS 0x000000070be00000, 0x000000070be00000| Untracked 
|  67|0x000000070c000000, 0x000000070c000000, 0x000000070c200000|  0%| F|  |TAMS 0x000000070c000000, 0x000000070c000000| Untracked 
|  68|0x000000070c200000, 0x000000070c200000, 0x000000070c400000|  0%| F|  |TAMS 0x000000070c200000, 0x000000070c200000| Untracked 
|  69|0x000000070c400000, 0x000000070c400000, 0x000000070c600000|  0%| F|  |TAMS 0x000000070c400000, 0x000000070c400000| Untracked 
|  70|0x000000070c600000, 0x000000070c600000, 0x000000070c800000|  0%| F|  |TAMS 0x000000070c600000, 0x000000070c600000| Untracked 
|  71|0x000000070c800000, 0x000000070c800000, 0x000000070ca00000|  0%| F|  |TAMS 0x000000070c800000, 0x000000070c800000| Untracked 
|  72|0x000000070ca00000, 0x000000070ca00000, 0x000000070cc00000|  0%| F|  |TAMS 0x000000070ca00000, 0x000000070ca00000| Untracked 
|  73|0x000000070cc00000, 0x000000070cc00000, 0x000000070ce00000|  0%| F|  |TAMS 0x000000070cc00000, 0x000000070cc00000| Untracked 
|  74|0x000000070ce00000, 0x000000070ce00000, 0x000000070d000000|  0%| F|  |TAMS 0x000000070ce00000, 0x000000070ce00000| Untracked 
|  75|0x000000070d000000, 0x000000070d000000, 0x000000070d200000|  0%| F|  |TAMS 0x000000070d000000, 0x000000070d000000| Untracked 
|  76|0x000000070d200000, 0x000000070d200000, 0x000000070d400000|  0%| F|  |TAMS 0x000000070d200000, 0x000000070d200000| Untracked 
|  77|0x000000070d400000, 0x000000070d400000, 0x000000070d600000|  0%| F|  |TAMS 0x000000070d400000, 0x000000070d400000| Untracked 
|  78|0x000000070d600000, 0x000000070d600000, 0x000000070d800000|  0%| F|  |TAMS 0x000000070d600000, 0x000000070d600000| Untracked 
|  79|0x000000070d800000, 0x000000070d800000, 0x000000070da00000|  0%| F|  |TAMS 0x000000070d800000, 0x000000070d800000| Untracked 
|  80|0x000000070da00000, 0x000000070da00000, 0x000000070dc00000|  0%| F|  |TAMS 0x000000070da00000, 0x000000070da00000| Untracked 
|  81|0x000000070dc00000, 0x000000070dc00000, 0x000000070de00000|  0%| F|  |TAMS 0x000000070dc00000, 0x000000070dc00000| Untracked 
|  82|0x000000070de00000, 0x000000070de00000, 0x000000070e000000|  0%| F|  |TAMS 0x000000070de00000, 0x000000070de00000| Untracked 
|  83|0x000000070e000000, 0x000000070e000000, 0x000000070e200000|  0%| F|  |TAMS 0x000000070e000000, 0x000000070e000000| Untracked 
|  84|0x000000070e200000, 0x000000070e200000, 0x000000070e400000|  0%| F|  |TAMS 0x000000070e200000, 0x000000070e200000| Untracked 
|  85|0x000000070e400000, 0x000000070e400000, 0x000000070e600000|  0%| F|  |TAMS 0x000000070e400000, 0x000000070e400000| Untracked 
|  86|0x000000070e600000, 0x000000070e600000, 0x000000070e800000|  0%| F|  |TAMS 0x000000070e600000, 0x000000070e600000| Untracked 
|  87|0x000000070e800000, 0x000000070e800000, 0x000000070ea00000|  0%| F|  |TAMS 0x000000070e800000, 0x000000070e800000| Untracked 
|  88|0x000000070ea00000, 0x000000070ea00000, 0x000000070ec00000|  0%| F|  |TAMS 0x000000070ea00000, 0x000000070ea00000| Untracked 
|  89|0x000000070ec00000, 0x000000070ec00000, 0x000000070ee00000|  0%| F|  |TAMS 0x000000070ec00000, 0x000000070ec00000| Untracked 
|  90|0x000000070ee00000, 0x000000070ee00000, 0x000000070f000000|  0%| F|  |TAMS 0x000000070ee00000, 0x000000070ee00000| Untracked 
|  91|0x000000070f000000, 0x000000070f000000, 0x000000070f200000|  0%| F|  |TAMS 0x000000070f000000, 0x000000070f000000| Untracked 
|  92|0x000000070f200000, 0x000000070f200000, 0x000000070f400000|  0%| F|  |TAMS 0x000000070f200000, 0x000000070f200000| Untracked 
|  93|0x000000070f400000, 0x000000070f400000, 0x000000070f600000|  0%| F|  |TAMS 0x000000070f400000, 0x000000070f400000| Untracked 
|  94|0x000000070f600000, 0x000000070f600000, 0x000000070f800000|  0%| F|  |TAMS 0x000000070f600000, 0x000000070f600000| Untracked 
|  95|0x000000070f800000, 0x000000070f800000, 0x000000070fa00000|  0%| F|  |TAMS 0x000000070f800000, 0x000000070f800000| Untracked 
|  96|0x000000070fa00000, 0x000000070fa00000, 0x000000070fc00000|  0%| F|  |TAMS 0x000000070fa00000, 0x000000070fa00000| Untracked 
|  97|0x000000070fc00000, 0x000000070fc00000, 0x000000070fe00000|  0%| F|  |TAMS 0x000000070fc00000, 0x000000070fc00000| Untracked 
|  98|0x000000070fe00000, 0x000000070fe00000, 0x0000000710000000|  0%| F|  |TAMS 0x000000070fe00000, 0x000000070fe00000| Untracked 
|  99|0x0000000710000000, 0x0000000710000000, 0x0000000710200000|  0%| F|  |TAMS 0x0000000710000000, 0x0000000710000000| Untracked 
| 100|0x0000000710200000, 0x0000000710200000, 0x0000000710400000|  0%| F|  |TAMS 0x0000000710200000, 0x0000000710200000| Untracked 
| 101|0x0000000710400000, 0x0000000710400000, 0x0000000710600000|  0%| F|  |TAMS 0x0000000710400000, 0x0000000710400000| Untracked 
| 102|0x0000000710600000, 0x0000000710600000, 0x0000000710800000|  0%| F|  |TAMS 0x0000000710600000, 0x0000000710600000| Untracked 
| 103|0x0000000710800000, 0x0000000710800000, 0x0000000710a00000|  0%| F|  |TAMS 0x0000000710800000, 0x0000000710800000| Untracked 
| 104|0x0000000710a00000, 0x0000000710a00000, 0x0000000710c00000|  0%| F|  |TAMS 0x0000000710a00000, 0x0000000710a00000| Untracked 
| 105|0x0000000710c00000, 0x0000000710c00000, 0x0000000710e00000|  0%| F|  |TAMS 0x0000000710c00000, 0x0000000710c00000| Untracked 
| 106|0x0000000710e00000, 0x0000000710e00000, 0x0000000711000000|  0%| F|  |TAMS 0x0000000710e00000, 0x0000000710e00000| Untracked 
| 107|0x0000000711000000, 0x0000000711000000, 0x0000000711200000|  0%| F|  |TAMS 0x0000000711000000, 0x0000000711000000| Untracked 
| 108|0x0000000711200000, 0x0000000711200000, 0x0000000711400000|  0%| F|  |TAMS 0x0000000711200000, 0x0000000711200000| Untracked 
| 109|0x0000000711400000, 0x0000000711400000, 0x0000000711600000|  0%| F|  |TAMS 0x0000000711400000, 0x0000000711400000| Untracked 
| 110|0x0000000711600000, 0x0000000711600000, 0x0000000711800000|  0%| F|  |TAMS 0x0000000711600000, 0x0000000711600000| Untracked 
| 111|0x0000000711800000, 0x0000000711800000, 0x0000000711a00000|  0%| F|  |TAMS 0x0000000711800000, 0x0000000711800000| Untracked 
| 112|0x0000000711a00000, 0x0000000711a00000, 0x0000000711c00000|  0%| F|  |TAMS 0x0000000711a00000, 0x0000000711a00000| Untracked 
| 113|0x0000000711c00000, 0x0000000711c00000, 0x0000000711e00000|  0%| F|  |TAMS 0x0000000711c00000, 0x0000000711c00000| Untracked 
| 114|0x0000000711e00000, 0x0000000711e00000, 0x0000000712000000|  0%| F|  |TAMS 0x0000000711e00000, 0x0000000711e00000| Untracked 
| 115|0x0000000712000000, 0x0000000712000000, 0x0000000712200000|  0%| F|  |TAMS 0x0000000712000000, 0x0000000712000000| Untracked 
| 116|0x0000000712200000, 0x0000000712200000, 0x0000000712400000|  0%| F|  |TAMS 0x0000000712200000, 0x0000000712200000| Untracked 
| 117|0x0000000712400000, 0x0000000712400000, 0x0000000712600000|  0%| F|  |TAMS 0x0000000712400000, 0x0000000712400000| Untracked 
| 118|0x0000000712600000, 0x0000000712600000, 0x0000000712800000|  0%| F|  |TAMS 0x0000000712600000, 0x0000000712600000| Untracked 
| 119|0x0000000712800000, 0x0000000712800000, 0x0000000712a00000|  0%| F|  |TAMS 0x0000000712800000, 0x0000000712800000| Untracked 
| 120|0x0000000712a00000, 0x0000000712a00000, 0x0000000712c00000|  0%| F|  |TAMS 0x0000000712a00000, 0x0000000712a00000| Untracked 
| 121|0x0000000712c00000, 0x0000000712e00000, 0x0000000712e00000|100%| E|  |TAMS 0x0000000712c00000, 0x0000000712c00000| Complete 
| 122|0x0000000712e00000, 0x0000000713000000, 0x0000000713000000|100%| E|CS|TAMS 0x0000000712e00000, 0x0000000712e00000| Complete 
| 123|0x0000000713000000, 0x0000000713200000, 0x0000000713200000|100%| E|CS|TAMS 0x0000000713000000, 0x0000000713000000| Complete 
| 124|0x0000000713200000, 0x0000000713400000, 0x0000000713400000|100%| E|CS|TAMS 0x0000000713200000, 0x0000000713200000| Complete 
| 125|0x0000000713400000, 0x0000000713600000, 0x0000000713600000|100%| E|CS|TAMS 0x0000000713400000, 0x0000000713400000| Complete 
| 126|0x0000000713600000, 0x0000000713800000, 0x0000000713800000|100%| E|CS|TAMS 0x0000000713600000, 0x0000000713600000| Complete 

Card table byte_map: [0x0000022f7daf0000,0x0000022f7e2e0000] _byte_map_base: 0x0000022f7a2d3000

Marking Bits (Prev, Next): (CMBitMap*) 0x0000022f7cf7a300, (CMBitMap*) 0x0000022f7cf7a340
 Prev Bits: [0x0000022f126c0000, 0x0000022f165d8000)
 Next Bits: [0x0000022f165e0000, 0x0000022f1a4f8000)

Polling page: 0x0000022f7ae50000

Metaspace:

Usage:
  Non-class:     12.82 MB used.
      Class:      1.48 MB used.
       Both:     14.29 MB used.

Virtual space:
  Non-class space:       64.00 MB reserved,      12.94 MB ( 20%) committed,  1 nodes.
      Class space:        1.00 GB reserved,       1.56 MB ( <1%) committed,  1 nodes.
             Both:        1.06 GB reserved,      14.50 MB (  1%) committed. 

Chunk freelists:
   Non-Class:  2.53 MB
       Class:  14.25 MB
        Both:  16.78 MB

MaxMetaspaceSize: unlimited
CompressedClassSpaceSize: 1.00 GB
Initial GC threshold: 21.00 MB
Current GC threshold: 21.00 MB
CDS: off
MetaspaceReclaimPolicy: balanced
 - commit_granule_bytes: 65536.
 - commit_granule_words: 8192.
 - virtual_space_node_default_size: 8388608.
 - enlarge_chunks_in_place: 1.
 - new_chunks_are_fully_committed: 0.
 - uncommit_free_chunks: 1.
 - use_allocation_guard: 0.
 - handle_deallocations: 1.


Internal statistics:

num_allocs_failed_limit: 0.
num_arena_births: 120.
num_arena_deaths: 0.
num_vsnodes_births: 2.
num_vsnodes_deaths: 0.
num_space_committed: 232.
num_space_uncommitted: 0.
num_chunks_returned_to_freelist: 0.
num_chunks_taken_from_freelist: 245.
num_chunk_merges: 0.
num_chunk_splits: 135.
num_chunks_enlarged: 87.
num_inconsistent_stats: 0.

CodeHeap 'non-profiled nmethods': size=120000Kb used=273Kb max_used=273Kb free=119726Kb
 bounds [0x0000022f0b190000, 0x0000022f0b400000, 0x0000022f126c0000]
CodeHeap 'profiled nmethods': size=120000Kb used=1388Kb max_used=1388Kb free=118611Kb
 bounds [0x0000022f036c0000, 0x0000022f03930000, 0x0000022f0abf0000]
CodeHeap 'non-nmethods': size=5760Kb used=1187Kb max_used=1201Kb free=4572Kb
 bounds [0x0000022f0abf0000, 0x0000022f0ae60000, 0x0000022f0b190000]
 total_blobs=1351 nmethods=882 adapters=382
 compilation: enabled
              stopped_count=0, restarted_count=0
 full_count=0

Compilation events (20 events):
Event: 0.465 Thread 0x0000022f7f642540 nmethod 873 0x0000022f03809f90 code [0x0000022f0380a220, 0x0000022f0380b1c8]
Event: 0.465 Thread 0x0000022f7f642540  874       3       java.util.RegularEnumSet::isEmpty (15 bytes)
Event: 0.465 Thread 0x0000022f7f642540 nmethod 874 0x0000022f0380b690 code [0x0000022f0380b820, 0x0000022f0380b998]
Event: 0.466 Thread 0x0000022f7f642540  869       3       java.lang.StringBuilder::append (8 bytes)
Event: 0.466 Thread 0x0000022f7f642540 nmethod 869 0x0000022f0380ba10 code [0x0000022f0380bba0, 0x0000022f0380bce8]
Event: 0.466 Thread 0x0000022f7f642540  872       3       jdk.internal.misc.Unsafe::makeLong (25 bytes)
Event: 0.466 Thread 0x0000022f7f642540 nmethod 872 0x0000022f0380bd90 code [0x0000022f0380bf40, 0x0000022f0380c1f8]
Event: 0.466 Thread 0x0000022f7f642540  875       3       java.lang.Byte::<init> (10 bytes)
Event: 0.466 Thread 0x0000022f7f642540 nmethod 875 0x0000022f0380c310 code [0x0000022f0380c4c0, 0x0000022f0380c698]
Event: 0.466 Thread 0x0000022f7f640e60 nmethod 870 0x0000022f0b1d3410 code [0x0000022f0b1d3580, 0x0000022f0b1d36b8]
Event: 0.466 Thread 0x0000022f7f642540  876       3       java.util.Collections$UnmodifiableCollection$1::hasNext (10 bytes)
Event: 0.466 Thread 0x0000022f7f642540 nmethod 876 0x0000022f0380c790 code [0x0000022f0380c940, 0x0000022f0380cb28]
Event: 0.466 Thread 0x0000022f7f642540  877       3       java.util.Collections$UnmodifiableCollection$1::next (10 bytes)
Event: 0.467 Thread 0x0000022f7f642540 nmethod 877 0x0000022f0380cc10 code [0x0000022f0380cdc0, 0x0000022f0380cfa8]
Event: 0.469 Thread 0x0000022f7f642540  878       3       java.lang.invoke.TypeConvertingMethodAdapter::convertType (299 bytes)
Event: 0.470 Thread 0x0000022f7f640e60  879       4       java.lang.invoke.VarHandleGuards::guard_LI_I (78 bytes)
Event: 0.471 Thread 0x0000022f7f642540 nmethod 878 0x0000022f0380d090 code [0x0000022f0380d6c0, 0x0000022f03810ce8]
Event: 0.471 Thread 0x0000022f7f642540  881       3       jdk.internal.misc.Unsafe::putIntUnaligned (79 bytes)
Event: 0.471 Thread 0x0000022f7f642540 nmethod 881 0x0000022f03811e90 code [0x0000022f03812060, 0x0000022f03812418]
Event: 0.471 Thread 0x0000022f7f642540  880       3       sun.security.provider.ByteArrayAccess::b2iBig64 (231 bytes)

GC Heap History (0 events):
No events

Dll operation events (1 events):
Event: 0.005 Loaded shared library D:\PyCharm 2023.3.4\jbr\bin\java.dll

Deoptimization events (12 events):
Event: 0.332 Thread 0x0000022f7cf0d350 Uncommon trap: trap_request=0xffffff45 fr.pc=0x0000022f0b1a8c5c relative=0x00000000000001dc
Event: 0.332 Thread 0x0000022f7cf0d350 Uncommon trap: reason=unstable_if action=reinterpret pc=0x0000022f0b1a8c5c method=java.util.HashMap.putVal(ILjava/lang/Object;Ljava/lang/Object;ZZ)Ljava/lang/Object; @ 162 c2
Event: 0.332 Thread 0x0000022f7cf0d350 DEOPT PACKING pc=0x0000022f0b1a8c5c sp=0x000000bf4b5fbbf0
Event: 0.332 Thread 0x0000022f7cf0d350 DEOPT UNPACKING pc=0x0000022f0ac4a1a3 sp=0x000000bf4b5fbb80 mode 2
Event: 0.376 Thread 0x0000022f7cf0d350 Uncommon trap: trap_request=0xffffff45 fr.pc=0x0000022f0b1ae6bc relative=0x000000000000041c
Event: 0.376 Thread 0x0000022f7cf0d350 Uncommon trap: reason=unstable_if action=reinterpret pc=0x0000022f0b1ae6bc method=java.lang.StringLatin1.newString([BII)Ljava/lang/String; @ 1 c2
Event: 0.376 Thread 0x0000022f7cf0d350 DEOPT PACKING pc=0x0000022f0b1ae6bc sp=0x000000bf4b5fe7e0
Event: 0.376 Thread 0x0000022f7cf0d350 DEOPT UNPACKING pc=0x0000022f0ac4a1a3 sp=0x000000bf4b5fe7a8 mode 2
Event: 0.384 Thread 0x0000022f7cf0d350 DEOPT PACKING pc=0x0000022f036d44e7 sp=0x000000bf4b5fe920
Event: 0.384 Thread 0x0000022f7cf0d350 DEOPT UNPACKING pc=0x0000022f0ac4ace3 sp=0x000000bf4b5fdd40 mode 0
Event: 0.419 Thread 0x0000022f7cf0d350 DEOPT PACKING pc=0x0000022f036d34d1 sp=0x000000bf4b5fd070
Event: 0.419 Thread 0x0000022f7cf0d350 DEOPT UNPACKING pc=0x0000022f0ac4ace3 sp=0x000000bf4b5fc4e8 mode 0

Classes unloaded (0 events):
No events

Classes redefined (0 events):
No events

Internal exceptions (20 events):
Event: 0.182 Thread 0x0000022f7cf0d350 Exception <a 'java/lang/NoSuchMethodError'{0x00000007135159f8}: 'void java.lang.invoke.DirectMethodHandle$Holder.invokeStaticInit(java.lang.Object, java.lang.Object)'> (0x00000007135159f8) 
thrown [s\src\hotspot\share\interpreter\linkResolver.cpp, line 771]
Event: 0.183 Thread 0x0000022f7cf0d350 Exception <a 'java/lang/NoSuchMethodError'{0x000000071351c2d0}: 'int java.lang.invoke.DirectMethodHandle$Holder.invokeStaticInit(java.lang.Object, java.lang.Object)'> (0x000000071351c2d0) 
thrown [s\src\hotspot\share\interpreter\linkResolver.cpp, line 771]
Event: 0.215 Thread 0x0000022f7cf0d350 Exception <a 'java/lang/NoSuchMethodError'{0x0000000713203a18}: 'java.lang.Object java.lang.invoke.DirectMethodHandle$Holder.invokeStaticInit(java.lang.Object, int, int, int, int)'> (0x0000000713203a18) 
thrown [s\src\hotspot\share\interpreter\linkResolver.cpp, line 771]
Event: 0.269 Thread 0x0000022f7cf0d350 Exception <a 'java/lang/NoSuchMethodError'{0x00000007132aa0b8}: 'java.lang.Object java.lang.invoke.DirectMethodHandle$Holder.invokeStaticInit(java.lang.Object, java.lang.Object, int, int, int, int)'> (0x00000007132aa0b8) 
thrown [s\src\hotspot\share\interpreter\linkResolver.cpp, line 771]
Event: 0.276 Thread 0x0000022f7cf0d350 Exception <a 'java/lang/NoSuchMethodError'{0x00000007133130f0}: 'java.lang.Object java.lang.invoke.DirectMethodHandle$Holder.invokeStatic(java.lang.Object, java.lang.Object, int)'> (0x00000007133130f0) 
thrown [s\src\hotspot\share\interpreter\linkResolver.cpp, line 771]
Event: 0.276 Thread 0x0000022f7cf0d350 Exception <a 'java/lang/NoSuchMethodError'{0x0000000713316868}: 'java.lang.Object java.lang.invoke.DirectMethodHandle$Holder.invokeStaticInit(java.lang.Object, java.lang.Object, int)'> (0x0000000713316868) 
thrown [s\src\hotspot\share\interpreter\linkResolver.cpp, line 771]
Event: 0.277 Thread 0x0000022f7cf0d350 Exception <a 'java/lang/NoSuchMethodError'{0x000000071331cc18}: 'java.lang.Object java.lang.invoke.DirectMethodHandle$Holder.newInvokeSpecial(java.lang.Object, java.lang.Object, int)'> (0x000000071331cc18) 
thrown [s\src\hotspot\share\interpreter\linkResolver.cpp, line 771]
Event: 0.278 Thread 0x0000022f7cf0d350 Exception <a 'java/lang/NoSuchMethodError'{0x000000071332c438}: 'int java.lang.invoke.DirectMethodHandle$Holder.invokeStaticInit(java.lang.Object, java.lang.Object, java.lang.Object)'> (0x000000071332c438) 
thrown [s\src\hotspot\share\interpreter\linkResolver.cpp, line 771]
Event: 0.280 Thread 0x0000022f7cf0d350 Exception <a 'java/lang/NoSuchMethodError'{0x000000071333c618}: 'int java.lang.invoke.DirectMethodHandle$Holder.invokeSpecial(java.lang.Object, java.lang.Object, java.lang.Object)'> (0x000000071333c618) 
thrown [s\src\hotspot\share\interpreter\linkResolver.cpp, line 771]
Event: 0.282 Thread 0x0000022f7cf0d350 Exception <a 'java/lang/NoSuchMethodError'{0x00000007133449f8}: 'int java.lang.invoke.DirectMethodHandle$Holder.invokeSpecialIFC(java.lang.Object, java.lang.Object, java.lang.Object)'> (0x00000007133449f8) 
thrown [s\src\hotspot\share\interpreter\linkResolver.cpp, line 771]
Event: 0.311 Thread 0x0000022f7cf0d350 Exception <a 'java/lang/NoSuchMethodError'{0x00000007133d1610}: 'java.lang.Object java.lang.invoke.DirectMethodHandle$Holder.invokeStaticInit(java.lang.Object)'> (0x00000007133d1610) 
thrown [s\src\hotspot\share\interpreter\linkResolver.cpp, line 771]
Event: 0.386 Thread 0x0000022f7cf0d350 Exception <a 'java/lang/NoSuchMethodError'{0x0000000712e0fae8}: 'java.lang.Object java.lang.invoke.DirectMethodHandle$Holder.newInvokeSpecial(java.lang.Object, java.lang.Object, java.lang.Object, java.lang.Object, java.lang.Object)'> (0x0000000712e0fae8) 
thrown [s\src\hotspot\share\interpreter\linkResolver.cpp, line 771]
Event: 0.424 Thread 0x0000022f7cf0d350 Exception <a 'java/lang/NoSuchMethodError'{0x0000000712f9be40}: 'java.lang.Object java.lang.invoke.DirectMethodHandle$Holder.invokeSpecial(java.lang.Object, java.lang.Object, java.lang.Object, java.lang.Object, int)'> (0x0000000712f9be40) 
thrown [s\src\hotspot\share\interpreter\linkResolver.cpp, line 771]
Event: 0.424 Thread 0x0000022f7cf0d350 Exception <a 'java/lang/NoSuchMethodError'{0x0000000712f9fa08}: 'java.lang.Object java.lang.invoke.Invokers$Holder.linkToTargetMethod(java.lang.Object, java.lang.Object, int, java.lang.Object)'> (0x0000000712f9fa08) 
thrown [s\src\hotspot\share\interpreter\linkResolver.cpp, line 771]
Event: 0.433 Thread 0x0000022f7cf0d350 Exception <a 'java/lang/NoSuchMethodError'{0x0000000712fff770}: 'void java.lang.invoke.DirectMethodHandle$Holder.invokeSpecial(java.lang.Object, java.lang.Object, java.lang.Object)'> (0x0000000712fff770) 
thrown [s\src\hotspot\share\interpreter\linkResolver.cpp, line 771]
Event: 0.446 Thread 0x0000022f7cf0d350 Exception <a 'java/lang/NoSuchMethodError'{0x0000000712c86240}: 'void java.lang.invoke.DirectMethodHandle$Holder.invokeSpecial(java.lang.Object, java.lang.Object, java.lang.Object, java.lang.Object, java.lang.Object)'> (0x0000000712c86240) 
thrown [s\src\hotspot\share\interpreter\linkResolver.cpp, line 771]
Event: 0.446 Thread 0x0000022f1c8bfeb0 Exception <a 'java/lang/NoSuchMethodError'{0x000000071318d740}: 'void java.lang.invoke.DirectMethodHandle$Holder.invokeStatic(java.lang.Object, java.lang.Object, int)'> (0x000000071318d740) 
thrown [s\src\hotspot\share\interpreter\linkResolver.cpp, line 771]
Event: 0.453 Thread 0x0000022f1c932a60 Exception <a 'java/lang/NoSuchMethodError'{0x0000000712d062b8}: 'void java.lang.invoke.DirectMethodHandle$Holder.invokeInterface(java.lang.Object, java.lang.Object, java.lang.Object)'> (0x0000000712d062b8) 
thrown [s\src\hotspot\share\interpreter\linkResolver.cpp, line 771]
Event: 0.455 Thread 0x0000022f1c932a60 Exception <a 'java/lang/NoSuchMethodError'{0x0000000712d1c7a0}: 'int java.lang.invoke.DirectMethodHandle$Holder.invokeStaticInit(java.lang.Object, int, int)'> (0x0000000712d1c7a0) 
thrown [s\src\hotspot\share\interpreter\linkResolver.cpp, line 771]
Event: 0.459 Thread 0x0000022f1c932a60 Exception <a 'java/lang/NoSuchMethodError'{0x0000000712d5f4c0}: 'void java.lang.invoke.DirectMethodHandle$Holder.invokeVirtual(java.lang.Object, java.lang.Object)'> (0x0000000712d5f4c0) 
thrown [s\src\hotspot\share\interpreter\linkResolver.cpp, line 771]

VM Operations (8 events):
Event: 0.095 Executing VM operation: HandshakeAllThreads
Event: 0.095 Executing VM operation: HandshakeAllThreads done
Event: 0.106 Executing VM operation: HandshakeAllThreads
Event: 0.106 Executing VM operation: HandshakeAllThreads done
Event: 0.223 Executing VM operation: HandshakeAllThreads
Event: 0.223 Executing VM operation: HandshakeAllThreads done
Event: 0.314 Executing VM operation: HandshakeAllThreads
Event: 0.314 Executing VM operation: HandshakeAllThreads done

Events (20 events):
Event: 0.473 loading class sun/security/ssl/CertificateAuthoritiesExtension$CHCertificateAuthoritiesConsumer
Event: 0.473 loading class sun/security/ssl/CertificateAuthoritiesExtension$CHCertificateAuthoritiesConsumer done
Event: 0.473 loading class sun/security/ssl/CertificateAuthoritiesExtension$CRCertificateAuthoritiesProducer
Event: 0.473 loading class sun/security/ssl/CertificateAuthoritiesExtension$CRCertificateAuthoritiesProducer done
Event: 0.473 loading class sun/security/ssl/CertificateAuthoritiesExtension$CRCertificateAuthoritiesConsumer
Event: 0.473 loading class sun/security/ssl/CertificateAuthoritiesExtension$CRCertificateAuthoritiesConsumer done
Event: 0.473 loading class sun/security/ssl/CertificateAuthoritiesExtension$CertificateAuthoritiesStringizer
Event: 0.473 loading class sun/security/ssl/CertificateAuthoritiesExtension$CertificateAuthoritiesStringizer done
Event: 0.473 loading class sun/security/ssl/CertSignAlgsExtension
Event: 0.473 loading class sun/security/ssl/CertSignAlgsExtension done
Event: 0.473 loading class sun/security/ssl/CertSignAlgsExtension$CHCertSignatureSchemesProducer
Event: 0.473 loading class sun/security/ssl/CertSignAlgsExtension$CHCertSignatureSchemesProducer done
Event: 0.473 loading class sun/security/ssl/CertSignAlgsExtension$CHCertSignatureSchemesConsumer
Event: 0.473 loading class sun/security/ssl/CertSignAlgsExtension$CHCertSignatureSchemesConsumer done
Event: 0.473 loading class sun/security/ssl/CertSignAlgsExtension$CHCertSignatureSchemesUpdate
Event: 0.474 loading class sun/security/ssl/CertSignAlgsExtension$CHCertSignatureSchemesUpdate done
Event: 0.474 loading class sun/security/ssl/CertSignAlgsExtension$CRCertSignatureSchemesProducer
Event: 0.474 loading class sun/security/ssl/CertSignAlgsExtension$CRCertSignatureSchemesProducer done
Event: 0.474 loading class sun/security/ssl/CertSignAlgsExtension$CRCertSignatureSchemesConsumer
Event: 0.474 loading class sun/security/ssl/CertSignAlgsExtension$CRCertSignatureSchemesConsumer done


Dynamic libraries:
0x00007ff6d6f60000 - 0x00007ff6d6f6a000 	D:\PyCharm 2023.3.4\jbr\bin\java.exe
0x00007ffb4c3b0000 - 0x00007ffb4c5c6000 	C:\WINDOWS\SYSTEM32\ntdll.dll
0x00007ffb4a530000 - 0x00007ffb4a5f4000 	C:\WINDOWS\System32\KERNEL32.DLL
0x00007ffb49870000 - 0x00007ffb49c17000 	C:\WINDOWS\System32\KERNELBASE.dll
0x00007ffb49cf0000 - 0x00007ffb49e01000 	C:\WINDOWS\System32\ucrtbase.dll
0x00007ffb01da0000 - 0x00007ffb01db7000 	D:\PyCharm 2023.3.4\jbr\bin\jli.dll
0x00007ffb0f8b0000 - 0x00007ffb0f8cb000 	D:\PyCharm 2023.3.4\jbr\bin\VCRUNTIME140.dll
0x00007ffb4b200000 - 0x00007ffb4b3ae000 	C:\WINDOWS\System32\USER32.dll
0x00007ffb49cc0000 - 0x00007ffb49ce6000 	C:\WINDOWS\System32\win32u.dll
0x00007ffb4af90000 - 0x00007ffb4afb9000 	C:\WINDOWS\System32\GDI32.dll
0x00007ffb1a8a0000 - 0x00007ffb1ab33000 	C:\WINDOWS\WinSxS\amd64_microsoft.windows.common-controls_6595b64144ccf1df_6.0.22621.3235_none_270f74e173860f98\COMCTL32.dll
0x00007ffb49fc0000 - 0x00007ffb4a0d9000 	C:\WINDOWS\System32\gdi32full.dll
0x00007ffb49c20000 - 0x00007ffb49cba000 	C:\WINDOWS\System32\msvcp_win.dll
0x00007ffb4c110000 - 0x00007ffb4c1b7000 	C:\WINDOWS\System32\msvcrt.dll
0x00007ffb4ae40000 - 0x00007ffb4ae71000 	C:\WINDOWS\System32\IMM32.DLL
0x00007ffb19c90000 - 0x00007ffb19c9c000 	D:\PyCharm 2023.3.4\jbr\bin\vcruntime140_1.dll
0x00007ffae3ca0000 - 0x00007ffae3d2d000 	D:\PyCharm 2023.3.4\jbr\bin\msvcp140.dll
0x00007ffa97090000 - 0x00007ffa97d13000 	D:\PyCharm 2023.3.4\jbr\bin\server\jvm.dll
0x00007ffb4b490000 - 0x00007ffb4b542000 	C:\WINDOWS\System32\ADVAPI32.dll
0x00007ffb4a0e0000 - 0x00007ffb4a188000 	C:\WINDOWS\System32\sechost.dll
0x00007ffb49840000 - 0x00007ffb49868000 	C:\WINDOWS\System32\bcrypt.dll
0x00007ffb4b5b0000 - 0x00007ffb4b6c5000 	C:\WINDOWS\System32\RPCRT4.dll
0x00007ffb15f10000 - 0x00007ffb15f44000 	C:\WINDOWS\SYSTEM32\WINMM.dll
0x00007ffb48f80000 - 0x00007ffb48fcd000 	C:\WINDOWS\SYSTEM32\POWRPROF.dll
0x00007ffb19700000 - 0x00007ffb19709000 	C:\WINDOWS\SYSTEM32\WSOCK32.dll
0x00007ffb37a80000 - 0x00007ffb37a8a000 	C:\WINDOWS\SYSTEM32\VERSION.dll
0x00007ffb4b0f0000 - 0x00007ffb4b161000 	C:\WINDOWS\System32\WS2_32.dll
0x00007ffb48f20000 - 0x00007ffb48f33000 	C:\WINDOWS\SYSTEM32\UMPDC.dll
0x00007ffb486d0000 - 0x00007ffb486e8000 	C:\WINDOWS\SYSTEM32\kernel.appcore.dll
0x00007ffb44a90000 - 0x00007ffb44a9a000 	D:\PyCharm 2023.3.4\jbr\bin\jimage.dll
0x00007ffb46aa0000 - 0x00007ffb46cd3000 	C:\WINDOWS\SYSTEM32\DBGHELP.DLL
0x00007ffb4aa80000 - 0x00007ffb4ae08000 	C:\WINDOWS\System32\combase.dll
0x00007ffb4b010000 - 0x00007ffb4b0e7000 	C:\WINDOWS\System32\OLEAUT32.dll
0x00007ffb39180000 - 0x00007ffb391b2000 	C:\WINDOWS\SYSTEM32\dbgcore.DLL
0x00007ffb49e10000 - 0x00007ffb49e89000 	C:\WINDOWS\System32\bcryptPrimitives.dll
0x00007ffb0cfc0000 - 0x00007ffb0cfe5000 	D:\PyCharm 2023.3.4\jbr\bin\java.dll
0x00007ffb0cf40000 - 0x00007ffb0cf58000 	D:\PyCharm 2023.3.4\jbr\bin\zip.dll
0x00007ffb4b6f0000 - 0x00007ffb4bf4c000 	C:\WINDOWS\System32\SHELL32.dll
0x00007ffb475e0000 - 0x00007ffb47ed9000 	C:\WINDOWS\SYSTEM32\windows.storage.dll
0x00007ffb474a0000 - 0x00007ffb475de000 	C:\WINDOWS\SYSTEM32\wintypes.dll
0x00007ffb4ae90000 - 0x00007ffb4af83000 	C:\WINDOWS\System32\SHCORE.dll
0x00007ffb4b420000 - 0x00007ffb4b47e000 	C:\WINDOWS\System32\shlwapi.dll
0x00007ffb49600000 - 0x00007ffb49621000 	C:\WINDOWS\SYSTEM32\profapi.dll
0x00007ffb01e10000 - 0x00007ffb01e29000 	D:\PyCharm 2023.3.4\jbr\bin\net.dll
0x00007ffb42e60000 - 0x00007ffb42f96000 	C:\WINDOWS\SYSTEM32\WINHTTP.dll
0x00007ffb48b30000 - 0x00007ffb48b99000 	C:\WINDOWS\system32\mswsock.dll
0x00007ffb01dc0000 - 0x00007ffb01dd6000 	D:\PyCharm 2023.3.4\jbr\bin\nio.dll
0x00007ffb48e40000 - 0x00007ffb48e5b000 	C:\WINDOWS\SYSTEM32\CRYPTSP.dll
0x00007ffb48630000 - 0x00007ffb48665000 	C:\WINDOWS\system32\rsaenh.dll
0x00007ffb48bd0000 - 0x00007ffb48bf8000 	C:\WINDOWS\SYSTEM32\USERENV.dll
0x00007ffb48d30000 - 0x00007ffb48d3c000 	C:\WINDOWS\SYSTEM32\CRYPTBASE.dll
0x00007ffb48140000 - 0x00007ffb4816d000 	C:\WINDOWS\SYSTEM32\IPHLPAPI.DLL
0x00007ffb4ae80000 - 0x00007ffb4ae89000 	C:\WINDOWS\System32\NSI.dll
0x00007ffb42d70000 - 0x00007ffb42d89000 	C:\WINDOWS\SYSTEM32\dhcpcsvc6.DLL
0x00007ffb42d90000 - 0x00007ffb42daf000 	C:\WINDOWS\SYSTEM32\dhcpcsvc.DLL
0x00007ffb481b0000 - 0x00007ffb482a9000 	C:\WINDOWS\SYSTEM32\DNSAPI.dll
0x00007ffb19230000 - 0x00007ffb1923e000 	D:\PyCharm 2023.3.4\jbr\bin\sunmscapi.dll
0x00007ffb496d0000 - 0x00007ffb49837000 	C:\WINDOWS\System32\CRYPT32.dll
0x00007ffb49090000 - 0x00007ffb490be000 	C:\WINDOWS\SYSTEM32\ncrypt.dll
0x00007ffb49050000 - 0x00007ffb49087000 	C:\WINDOWS\SYSTEM32\NTASN1.dll
0x00007ffa8a160000 - 0x00007ffa8a168000 	C:\WINDOWS\system32\wshunix.dll
0x00007ffb18c70000 - 0x00007ffb18c79000 	D:\PyCharm 2023.3.4\jbr\bin\extnet.dll

dbghelp: loaded successfully - version: 4.0.5 - missing functions: none
symbol engine: initialized successfully - sym options: 0x614 - pdb path: .;D:\PyCharm 2023.3.4\jbr\bin;C:\WINDOWS\SYSTEM32;C:\WINDOWS\WinSxS\amd64_microsoft.windows.common-controls_6595b64144ccf1df_6.0.22621.3235_none_270f74e173860f98;D:\PyCharm 2023.3.4\jbr\bin\server

VM Arguments:
java_command: git4idea.http.GitAskPassApp Username for 'https://github.com': 
java_class_path (initial): D:/PyCharm 2023.3.4/plugins/vcs-git/lib/git4idea-rt.jar;D:/PyCharm 2023.3.4/lib/externalProcess-rt.jar
Launcher Type: SUN_STANDARD

[Global flags]
     intx CICompilerCount                          = 4                                         {product} {ergonomic}
     uint ConcGCThreads                            = 2                                         {product} {ergonomic}
     uint G1ConcRefinementThreads                  = 8                                         {product} {ergonomic}
   size_t G1HeapRegionSize                         = 2097152                                   {product} {ergonomic}
    uintx GCDrainStackTargetSize                   = 64                                        {product} {ergonomic}
   size_t InitialHeapSize                          = 266338304                                 {product} {ergonomic}
   size_t MarkStackSize                            = 4194304                                   {product} {ergonomic}
   size_t MaxHeapSize                              = 4234149888                                {product} {ergonomic}
   size_t MaxNewSize                               = 2539651072                                {product} {ergonomic}
   size_t MinHeapDeltaBytes                        = 2097152                                   {product} {ergonomic}
   size_t MinHeapSize                              = 8388608                                   {product} {ergonomic}
    uintx NonNMethodCodeHeapSize                   = 5839372                                {pd product} {ergonomic}
    uintx NonProfiledCodeHeapSize                  = 122909434                              {pd product} {ergonomic}
    uintx ProfiledCodeHeapSize                     = 122909434                              {pd product} {ergonomic}
    uintx ReservedCodeCacheSize                    = 251658240                              {pd product} {ergonomic}
     bool SegmentedCodeCache                       = true                                      {product} {ergonomic}
   size_t SoftMaxHeapSize                          = 4234149888                             {manageable} {ergonomic}
     bool UseCompressedClassPointers               = true                           {product lp64_product} {ergonomic}
     bool UseCompressedOops                        = true                           {product lp64_product} {ergonomic}
     bool UseG1GC                                  = true                                      {product} {ergonomic}
     bool UseLargePagesIndividualAllocation        = false                                  {pd product} {ergonomic}

Logging:
Log output configuration:
 #0: stdout all=warning uptime,level,tags
 #1: stderr all=off uptime,level,tags

Environment Variables:
PATH=C:\Program Files\Git\mingw64\libexec\git-core;C:\Program Files\Git\mingw64\libexec\git-core;C:\Program Files\Git\mingw64\bin;C:\Program Files\Git\usr\bin;C:\Users\Admin\bin;C:\Users\Admin\PycharmProjects\Topological Sorting. DM Project\.venv\Scripts;C:\WINDOWS\system32;C:\WINDOWS;C:\WINDOWS\System32\Wbem;C:\WINDOWS\System32\WindowsPowerShell\v1.0;C:\WINDOWS\System32\OpenSSH;C:\Program Files\7-Zip;C:\Program Files\dotnet;C:\Program Files\Git\cmd;C:\ProgramData\chocolatey\bin;C:\Program Files\Microsoft SQL Server\150\Tools\Binn;C:\Users\Admin\AppData\Local\Programs\Python\Python310;C:\Program Files\Docker\Docker\resources\bin;C:\Users\Admin\AppData\Local\Programs\Python\Launcher;C:\Users\Admin\Desktop\bin;C:\Users\Admin\AppData\Roaming\local\bin;C:\Users\Admin\AppData\Local\Microsoft\WindowsApps;C:\Users\Admin\.dotnet\tools;D:\JetBrains Rider 2022.3.2\bin;D:\CLion 2023.3.3\bin;D:\PyCharm 2023.3.4\bin;C:\Users\Admin\AppData\Local\Programs\Python\Python310;D:\Microsoft VS Code\bin;D:\Nmap;D:\WebStorm 2023.3.4\bin;C:\Program Files\Multipass\bin
USERNAME=Admin
DISPLAY=:0.0
LC_ALL=en_US.UTF-8
TERM=xterm-256color
TMPDIR=C:\Users\Admin\AppData\Local\Temp
OS=Windows_NT
PROCESSOR_IDENTIFIER=Intel64 Family 6 Model 140 Stepping 1, GenuineIntel
TMP=C:\Users\Admin\AppData\Local\Temp
TEMP=C:\Users\Admin\AppData\Local\Temp



Periodic native trim disabled

JNI global refs:
JNI global refs: 20, weak refs: 0

JNI global refs memory usage: 843, weak refs: 209

OOME stack traces (most recent first):
Classloader memory used:
Loader bootstrap                                                                       : 1661K
Loader jdk.internal.loader.ClassLoaders$PlatformClassLoader                            : 166K
Loader jdk.internal.loader.ClassLoaders$AppClassLoader                                 : 1808B


---------------  S Y S T E M  ---------------

OS:
 Windows 11 , 64 bit Build 22621 (10.0.22621.3374)
OS uptime: 3 days 22:42 hours
Hyper-V role detected

CPU: total 8 (initial active 8) (4 cores per cpu, 2 threads per core) family 6 model 140 stepping 1 microcode 0x86, cx8, cmov, fxsr, ht, mmx, 3dnowpref, sse, sse2, sse3, ssse3, sse4.1, sse4.2, popcnt, lzcnt, tsc, tscinvbit, avx, avx2, aes, erms, clmul, bmi1, bmi2, adx, avx512f, avx512dq, avx512cd, avx512bw, avx512vl, sha, fma, vzeroupper, avx512_vpopcntdq, avx512_vpclmulqdq, avx512_vaes, avx512_vnni, clflush, clflushopt, clwb, avx512_vbmi2, avx512_vbmi, hv
Processor Information for all 8 processors :
  Max Mhz: 1382, Current Mhz: 1382, Mhz Limit: 1382

Memory: 4k page, system-wide physical 16151M (1558M free)
TotalPageFile size 29157M (AvailPageFile size 2M)
current process WorkingSet (physical memory assigned to process): 65M, peak: 65M
current process commit charge ("private bytes"): 351M, peak: 352M

vm_info: OpenJDK 64-Bit Server VM (17.0.10+1-b1087.17) for windows-amd64 JRE (17.0.10+1-b1087.17), built on 2024-01-19 by "builduser" with MS VC++ 16.10 / 16.11 (VS2019)

END.
